# JRE version: Java(TM) SE Runtime Environment (8.0_251-b08) (build 1.8.0_251-b08)
# Java VM: Java HotSpot(TM) 64-Bit Server VM (25.251-b08 mixed mode windows-amd64 compressed oops)
Heap:
 PSYoungGen      total 1034752K, used 211393K [0x000000076b700000, 0x00000007c0000000, 0x00000007c0000000)
  eden space 984064K, 21% used [0x000000076b700000,0x0000000778847658,0x00000007a7800000)
  from space 50688K, 0% used [0x00000007bce80000,0x00000007bce80000,0x00000007c0000000)
  to   space 200704K, 0% used [0x00000007a7800000,0x00000007a7800000,0x00000007b3c00000)
 ParOldGen       total 686592K, used 276791K [0x00000006c2400000, 0x00000006ec280000, 0x000000076b700000)
  object space 686592K, 40% used [0x00000006c2400000,0x00000006d324df90,0x00000006ec280000)
 Metaspace       used 5640K, capacity 5880K, committed 6144K, reserved 1056768K
  class space    used 630K, capacity 673K, committed 768K, reserved 1048576K
GC Heap History (10 events):
Event: 1.352 GC heap before
{Heap before GC invocations=12 (full 0):
 PSYoungGen      total 835072K, used 832896K [0x000000076b700000, 0x00000007bd100000, 0x00000007c0000000)
  eden space 832512K, 100% used [0x000000076b700000,0x000000079e400000,0x000000079e400000)
  from space 2560K, 15% used [0x000000079e400000,0x000000079e460000,0x000000079e680000)
  to   space 2560K, 0% used [0x00000007bce80000,0x00000007bce80000,0x00000007bd100000)
 ParOldGen       total 173568K, used 1432K [0x00000006c2400000, 0x00000006ccd80000, 0x000000076b700000)
  object space 173568K, 0% used [0x00000006c2400000,0x00000006c25662a0,0x00000006ccd80000)
 Metaspace       used 5348K, capacity 5602K, committed 5888K, reserved 1056768K
  class space    used 601K, capacity 668K, committed 768K, reserved 1048576K
Event: 1.353 GC heap after
Heap after GC invocations=12 (full 0):
 PSYoungGen      total 1334784K, used 32K [0x000000076b700000, 0x00000007bd100000, 0x00000007c0000000)
  eden space 1332224K, 0% used [0x000000076b700000,0x000000076b700000,0x00000007bcc00000)
  from space 2560K, 1% used [0x00000007bce80000,0x00000007bce88000,0x00000007bd100000)
  to   space 2560K, 0% used [0x00000007bcc00000,0x00000007bcc00000,0x00000007bce80000)
 ParOldGen       total 173568K, used 1760K [0x00000006c2400000, 0x00000006ccd80000, 0x000000076b700000)
  object space 173568K, 1% used [0x00000006c2400000,0x00000006c25b82a0,0x00000006ccd80000)
 Metaspace       used 5348K, capacity 5602K, committed 5888K, reserved 1056768K
  class space    used 601K, capacity 668K, committed 768K, reserved 1048576K
}
Event: 1.668 GC heap before
{Heap before GC invocations=13 (full 0):
 PSYoungGen      total 1334784K, used 1332256K [0x000000076b700000, 0x00000007bd100000, 0x00000007c0000000)
  eden space 1332224K, 100% used [0x000000076b700000,0x00000007bcc00000,0x00000007bcc00000)
  from space 2560K, 1% used [0x00000007bce80000,0x00000007bce88000,0x00000007bd100000)
  to   space 2560K, 0% used [0x00000007bcc00000,0x00000007bcc00000,0x00000007bce80000)
 ParOldGen       total 173568K, used 1760K [0x00000006c2400000, 0x00000006ccd80000, 0x000000076b700000)
  object space 173568K, 1% used [0x00000006c2400000,0x00000006c25b82a0,0x00000006ccd80000)
 Metaspace       used 5553K, capacity 5816K, committed 6144K, reserved 1056768K
  class space    used 624K, capacity 673K, committed 768K, reserved 1048576K
Event: 1.753 GC heap after
Heap after GC invocations=13 (full 0):
 PSYoungGen      total 1334784K, used 2532K [0x000000076b700000, 0x00000007c0000000, 0x00000007c0000000)
  eden space 1332224K, 0% used [0x000000076b700000,0x000000076b700000,0x00000007bcc00000)
  from space 2560K, 98% used [0x00000007bcc00000,0x00000007bce790e0,0x00000007bce80000)
  to   space 50688K, 0% used [0x00000007bce80000,0x00000007bce80000,0x00000007c0000000)
 ParOldGen       total 191488K, used 190722K [0x00000006c2400000, 0x00000006cdf00000, 0x000000076b700000)
  object space 191488K, 99% used [0x00000006c2400000,0x00000006cde408b0,0x00000006cdf00000)
 Metaspace       used 5553K, capacity 5816K, committed 6144K, reserved 1056768K
  class space    used 624K, capacity 673K, committed 768K, reserved 1048576K
}
Event: 1.753 GC heap before
{Heap before GC invocations=14 (full 1):
 PSYoungGen      total 1334784K, used 2532K [0x000000076b700000, 0x00000007c0000000, 0x00000007c0000000)
  eden space 1332224K, 0% used [0x000000076b700000,0x000000076b700000,0x00000007bcc00000)
  from space 2560K, 98% used [0x00000007bcc00000,0x00000007bce790e0,0x00000007bce80000)
  to   space 50688K, 0% used [0x00000007bce80000,0x00000007bce80000,0x00000007c0000000)
 ParOldGen       total 191488K, used 190722K [0x00000006c2400000, 0x00000006cdf00000, 0x000000076b700000)
  object space 191488K, 99% used [0x00000006c2400000,0x00000006cde408b0,0x00000006cdf00000)
 Metaspace       used 5553K, capacity 5816K, committed 6144K, reserved 1056768K
  class space    used 624K, capacity 673K, committed 768K, reserved 1048576K
Event: 3.002 GC heap after
Heap after GC invocations=14 (full 1):
 PSYoungGen      total 1334784K, used 255K [0x000000076b700000, 0x00000007c0000000, 0x00000007c0000000)
  eden space 1332224K, 0% used [0x000000076b700000,0x000000076b700000,0x00000007bcc00000)
  from space 2560K, 9% used [0x00000007bcc00000,0x00000007bcc3ffa8,0x00000007bce80000)
  to   space 50688K, 0% used [0x00000007bce80000,0x00000007bce80000,0x00000007c0000000)
 ParOldGen       total 384000K, used 191453K [0x00000006c2400000, 0x00000006d9b00000, 0x000000076b700000)
  object space 384000K, 49% used [0x00000006c2400000,0x00000006cdef7698,0x00000006d9b00000)
 Metaspace       used 5553K, capacity 5816K, committed 6144K, reserved 1056768K
  class space    used 624K, capacity 673K, committed 768K, reserved 1048576K
}
Event: 3.221 GC heap before
{Heap before GC invocations=15 (full 1):
 PSYoungGen      total 1334784K, used 1332479K [0x000000076b700000, 0x00000007c0000000, 0x00000007c0000000)
  eden space 1332224K, 100% used [0x000000076b700000,0x00000007bcc00000,0x00000007bcc00000)
  from space 2560K, 9% used [0x00000007bcc00000,0x00000007bcc3ffa8,0x00000007bce80000)
  to   space 50688K, 0% used [0x00000007bce80000,0x00000007bce80000,0x00000007c0000000)
 ParOldGen       total 384000K, used 191453K [0x00000006c2400000, 0x00000006d9b00000, 0x000000076b700000)
  object space 384000K, 49% used [0x00000006c2400000,0x00000006cdef7698,0x00000006d9b00000)
 Metaspace       used 5640K, capacity 5880K, committed 6144K, reserved 1056768K
  class space    used 630K, capacity 673K, committed 768K, reserved 1048576K
Event: 3.390 GC heap after
Heap after GC invocations=15 (full 1):
 PSYoungGen      total 1034752K, used 50657K [0x000000076b700000, 0x00000007c0000000, 0x00000007c0000000)
  eden space 984064K, 0% used [0x000000076b700000,0x000000076b700000,0x00000007a7800000)
  from space 50688K, 99% used [0x00000007bce80000,0x00000007bfff85f0,0x00000007c0000000)
  to   space 200704K, 0% used [0x00000007a7800000,0x00000007a7800000,0x00000007b3c00000)
 ParOldGen       total 521216K, used 520866K [0x00000006c2400000, 0x00000006e2100000, 0x000000076b700000)
  object space 521216K, 99% used [0x00000006c2400000,0x00000006e20a8998,0x00000006e2100000)
 Metaspace       used 5640K, capacity 5880K, committed 6144K, reserved 1056768K
  class space    used 630K, capacity 673K, committed 768K, reserved 1048576K
}
Event: 3.390 GC heap before
{Heap before GC invocations=16 (full 2):
 PSYoungGen      total 1034752K, used 50657K [0x000000076b700000, 0x00000007c0000000, 0x00000007c0000000)
  eden space 984064K, 0% used [0x000000076b700000,0x000000076b700000,0x00000007a7800000)
  from space 50688K, 99% used [0x00000007bce80000,0x00000007bfff85f0,0x00000007c0000000)
  to   space 200704K, 0% used [0x00000007a7800000,0x00000007a7800000,0x00000007b3c00000)
 ParOldGen       total 521216K, used 520866K [0x00000006c2400000, 0x00000006e2100000, 0x000000076b700000)
  object space 521216K, 99% used [0x00000006c2400000,0x00000006e20a8998,0x00000006e2100000)
 Metaspace       used 5640K, capacity 5880K, committed 6144K, reserved 1056768K
  class space    used 630K, capacity 673K, committed 768K, reserved 1048576K
Event: 4.044 GC heap after
Heap after GC invocations=16 (full 2):
 PSYoungGen      total 1034752K, used 0K [0x000000076b700000, 0x00000007c0000000, 0x00000007c0000000)
  eden space 984064K, 0% used [0x000000076b700000,0x000000076b700000,0x00000007a7800000)
  from space 50688K, 0% used [0x00000007bce80000,0x00000007bce80000,0x00000007c0000000)
  to   space 200704K, 0% used [0x00000007a7800000,0x00000007a7800000,0x00000007b3c00000)
 ParOldGen       total 686592K, used 276791K [0x00000006c2400000, 0x00000006ec280000, 0x000000076b700000)
  object space 686592K, 40% used [0x00000006c2400000,0x00000006d324df90,0x00000006ec280000)
 Metaspace       used 5640K, capacity 5880K, committed 6144K, reserved 1056768K
  class space    used 630K, capacity 673K, committed 768K, reserved 1048576K
}

