# JRE version: Java(TM) SE Runtime Environment (8.0_251-b08) (build 1.8.0_251-b08)
# Java VM: Java HotSpot(TM) 64-Bit Server VM (25.251-b08 mixed mode windows-amd64 compressed oops)
Heap:
 PSYoungGen      total 1333248K, used 222183K [0x000000076b700000, 0x00000007c0000000, 0x00000007c0000000)
  eden space 1330688K, 16% used [0x000000076b700000,0x0000000778ff9c88,0x00000007bca80000)
  from space 2560K, 0% used [0x00000007bca80000,0x00000007bca80000,0x00000007bcd00000)
  to   space 52224K, 0% used [0x00000007bcd00000,0x00000007bcd00000,0x00000007c0000000)
 ParOldGen       total 399872K, used 203361K [0x00000006c2400000, 0x00000006daa80000, 0x000000076b700000)
  object space 399872K, 50% used [0x00000006c2400000,0x00000006cea986e0,0x00000006daa80000)
 Metaspace       used 5569K, capacity 5816K, committed 6144K, reserved 1056768K
  class space    used 630K, capacity 673K, committed 768K, reserved 1048576K
GC Heap History (10 events):
Event: 0.856 GC heap before
{Heap before GC invocations=10 (full 0):
 PSYoungGen      total 522240K, used 519712K [0x000000076b700000, 0x000000079e800000, 0x00000007c0000000)
  eden space 519680K, 100% used [0x000000076b700000,0x000000078b280000,0x000000078b280000)
  from space 2560K, 1% used [0x000000078b280000,0x000000078b288000,0x000000078b500000)
  to   space 2560K, 0% used [0x000000079e580000,0x000000079e580000,0x000000079e800000)
 ParOldGen       total 173568K, used 1392K [0x00000006c2400000, 0x00000006ccd80000, 0x000000076b700000)
  object space 173568K, 0% used [0x00000006c2400000,0x00000006c255c2a0,0x00000006ccd80000)
 Metaspace       used 5080K, capacity 5314K, committed 5504K, reserved 1056768K
  class space    used 580K, capacity 636K, committed 640K, reserved 1048576K
Event: 0.857 GC heap after
Heap after GC invocations=10 (full 0):
 PSYoungGen      total 834048K, used 32K [0x000000076b700000, 0x000000079e800000, 0x00000007c0000000)
  eden space 831488K, 0% used [0x000000076b700000,0x000000076b700000,0x000000079e300000)
  from space 2560K, 1% used [0x000000079e580000,0x000000079e588000,0x000000079e800000)
  to   space 2560K, 0% used [0x000000079e300000,0x000000079e300000,0x000000079e580000)
 ParOldGen       total 173568K, used 1392K [0x00000006c2400000, 0x00000006ccd80000, 0x000000076b700000)
  object space 173568K, 0% used [0x00000006c2400000,0x00000006c255c2a0,0x00000006ccd80000)
 Metaspace       used 5080K, capacity 5314K, committed 5504K, reserved 1056768K
  class space    used 580K, capacity 636K, committed 640K, reserved 1048576K
}
Event: 1.124 GC heap before
{Heap before GC invocations=11 (full 0):
 PSYoungGen      total 834048K, used 831520K [0x000000076b700000, 0x000000079e800000, 0x00000007c0000000)
  eden space 831488K, 100% used [0x000000076b700000,0x000000079e300000,0x000000079e300000)
  from space 2560K, 1% used [0x000000079e580000,0x000000079e588000,0x000000079e800000)
  to   space 2560K, 0% used [0x000000079e300000,0x000000079e300000,0x000000079e580000)
 ParOldGen       total 173568K, used 1392K [0x00000006c2400000, 0x00000006ccd80000, 0x000000076b700000)
  object space 173568K, 0% used [0x00000006c2400000,0x00000006c255c2a0,0x00000006ccd80000)
 Metaspace       used 5312K, capacity 5538K, committed 5888K, reserved 1056768K
  class space    used 601K, capacity 668K, committed 768K, reserved 1048576K
Event: 1.126 GC heap after
Heap after GC invocations=11 (full 0):
 PSYoungGen      total 834048K, used 416K [0x000000076b700000, 0x00000007bcf80000, 0x00000007c0000000)
  eden space 831488K, 0% used [0x000000076b700000,0x000000076b700000,0x000000079e300000)
  from space 2560K, 16% used [0x000000079e300000,0x000000079e368000,0x000000079e580000)
  to   space 2560K, 0% used [0x00000007bcd00000,0x00000007bcd00000,0x00000007bcf80000)
 ParOldGen       total 173568K, used 1400K [0x00000006c2400000, 0x00000006ccd80000, 0x000000076b700000)
  object space 173568K, 0% used [0x00000006c2400000,0x00000006c255e2a0,0x00000006ccd80000)
 Metaspace       used 5312K, capacity 5538K, committed 5888K, reserved 1056768K
  class space    used 601K, capacity 668K, committed 768K, reserved 1048576K
}
Event: 1.313 GC heap before
{Heap before GC invocations=12 (full 0):
 PSYoungGen      total 834048K, used 831904K [0x000000076b700000, 0x00000007bcf80000, 0x00000007c0000000)
  eden space 831488K, 100% used [0x000000076b700000,0x000000079e300000,0x000000079e300000)
  from space 2560K, 16% used [0x000000079e300000,0x000000079e368000,0x000000079e580000)
  to   space 2560K, 0% used [0x00000007bcd00000,0x00000007bcd00000,0x00000007bcf80000)
 ParOldGen       total 173568K, used 1400K [0x00000006c2400000, 0x00000006ccd80000, 0x000000076b700000)
  object space 173568K, 0% used [0x00000006c2400000,0x00000006c255e2a0,0x00000006ccd80000)
 Metaspace       used 5312K, capacity 5538K, committed 5888K, reserved 1056768K
  class space    used 601K, capacity 668K, committed 768K, reserved 1048576K
Event: 1.313 GC heap after
Heap after GC invocations=12 (full 0):
 PSYoungGen      total 1333248K, used 96K [0x000000076b700000, 0x00000007bcf80000, 0x00000007c0000000)
  eden space 1330688K, 0% used [0x000000076b700000,0x000000076b700000,0x00000007bca80000)
  from space 2560K, 3% used [0x00000007bcd00000,0x00000007bcd18000,0x00000007bcf80000)
  to   space 2560K, 0% used [0x00000007bca80000,0x00000007bca80000,0x00000007bcd00000)
 ParOldGen       total 173568K, used 1736K [0x00000006c2400000, 0x00000006ccd80000, 0x000000076b700000)
  object space 173568K, 1% used [0x00000006c2400000,0x00000006c25b22a0,0x00000006ccd80000)
 Metaspace       used 5312K, capacity 5538K, committed 5888K, reserved 1056768K
  class space    used 601K, capacity 668K, committed 768K, reserved 1048576K
}
Event: 1.628 GC heap before
{Heap before GC invocations=13 (full 0):
 PSYoungGen      total 1333248K, used 1330784K [0x000000076b700000, 0x00000007bcf80000, 0x00000007c0000000)
  eden space 1330688K, 100% used [0x000000076b700000,0x00000007bca80000,0x00000007bca80000)
  from space 2560K, 3% used [0x00000007bcd00000,0x00000007bcd18000,0x00000007bcf80000)
  to   space 2560K, 0% used [0x00000007bca80000,0x00000007bca80000,0x00000007bcd00000)
 ParOldGen       total 173568K, used 1736K [0x00000006c2400000, 0x00000006ccd80000, 0x000000076b700000)
  object space 173568K, 1% used [0x00000006c2400000,0x00000006c25b22a0,0x00000006ccd80000)
 Metaspace       used 5512K, capacity 5752K, committed 5888K, reserved 1056768K
  class space    used 624K, capacity 673K, committed 768K, reserved 1048576K
Event: 1.716 GC heap after
Heap after GC invocations=13 (full 0):
 PSYoungGen      total 1333248K, used 2548K [0x000000076b700000, 0x00000007c0000000, 0x00000007c0000000)
  eden space 1330688K, 0% used [0x000000076b700000,0x000000076b700000,0x00000007bca80000)
  from space 2560K, 99% used [0x00000007bca80000,0x00000007bccfd0d0,0x00000007bcd00000)
  to   space 52224K, 0% used [0x00000007bcd00000,0x00000007bcd00000,0x00000007c0000000)
 ParOldGen       total 204288K, used 203006K [0x00000006c2400000, 0x00000006ceb80000, 0x000000076b700000)
  object space 204288K, 99% used [0x00000006c2400000,0x00000006cea3fa10,0x00000006ceb80000)
 Metaspace       used 5512K, capacity 5752K, committed 5888K, reserved 1056768K
  class space    used 624K, capacity 673K, committed 768K, reserved 1048576K
}
Event: 1.716 GC heap before
{Heap before GC invocations=14 (full 1):
 PSYoungGen      total 1333248K, used 2548K [0x000000076b700000, 0x00000007c0000000, 0x00000007c0000000)
  eden space 1330688K, 0% used [0x000000076b700000,0x000000076b700000,0x00000007bca80000)
  from space 2560K, 99% used [0x00000007bca80000,0x00000007bccfd0d0,0x00000007bcd00000)
  to   space 52224K, 0% used [0x00000007bcd00000,0x00000007bcd00000,0x00000007c0000000)
 ParOldGen       total 204288K, used 203006K [0x00000006c2400000, 0x00000006ceb80000, 0x000000076b700000)
  object space 204288K, 99% used [0x00000006c2400000,0x00000006cea3fa10,0x00000006ceb80000)
 Metaspace       used 5512K, capacity 5752K, committed 5888K, reserved 1056768K
  class space    used 624K, capacity 673K, committed 768K, reserved 1048576K
Event: 2.805 GC heap after
Heap after GC invocations=14 (full 1):
 PSYoungGen      total 1333248K, used 0K [0x000000076b700000, 0x00000007c0000000, 0x00000007c0000000)
  eden space 1330688K, 0% used [0x000000076b700000,0x000000076b700000,0x00000007bca80000)
  from space 2560K, 0% used [0x00000007bca80000,0x00000007bca80000,0x00000007bcd00000)
  to   space 52224K, 0% used [0x00000007bcd00000,0x00000007bcd00000,0x00000007c0000000)
 ParOldGen       total 399872K, used 203361K [0x00000006c2400000, 0x00000006daa80000, 0x000000076b700000)
  object space 399872K, 50% used [0x00000006c2400000,0x00000006cea986e0,0x00000006daa80000)
 Metaspace       used 5512K, capacity 5752K, committed 5888K, reserved 1056768K
  class space    used 624K, capacity 673K, committed 768K, reserved 1048576K
}

